<?xml version="1.0" encoding="UTF-8"?>
<testsuite xmlns:xsi="http://www.w3.org/2001/XMLSchema-instance" xsi:noNamespaceSchemaLocation="https://maven.apache.org/surefire/maven-surefire-plugin/xsd/surefire-test-report.xsd" version="3.0.2" name="com.example.demo.MsprApplicationTests" time="2.527" tests="1" errors="0" skipped="0" failures="0">
  <properties>
[...]
</properties>
  <testcase name="contextLoads" classname="com.example.demo.MsprApplicationTests" time="0.295">
    <system-out><![CDATA[Standard Commons Logging discovery in action with spring-jcl: please remove commons-logging.jar from classpath in order to avoid potential conflicts
22:59:40.592 [main] INFO org.springframework.test.context.support.AnnotationConfigContextLoaderUtils -- Could not detect default configuration classes for test class [com.example.demo.MsprApplicationTests]: MsprApplicationTests does not declare any static, non-private, non-final, nested classes annotated with @Configuration.
22:59:40.635 [main] INFO org.springframework.boot.test.context.SpringBootTestContextBootstrapper -- Found @SpringBootConfiguration com.example.demo.MsprApplication for test class com.example.demo.MsprApplicationTests
22:59:40.693 [main] INFO org.springframework.boot.devtools.restart.RestartApplicationListener -- Restart disabled due to context in which it is running

  .   ____          _            __ _ _
 /\\ / ___'_ __ _ _(_)_ __  __ _ \ \ \ \
( ( )\___ | '_ | '_| | '_ \/ _` | \ \ \ \
 \\/  ___)| |_)| | | | | || (_| |  ) ) ) )
  '  |____| .__|_| |_|_| |_\__, | / / / /
 =========|_|==============|___/=/_/_/_/

 :: Spring Boot ::                (v3.4.0)

2026-03-15T22:59:40.809+01:00  INFO 20702 --- [           main] com.example.demo.MsprApplicationTests    : Starting MsprApplicationTests using Java 21.0.9 with PID 20702 (started by mac-ALAMON22 in /Users/mac-ALAMON22/Documents/Dev/epsi/MSPR/back)
2026-03-15T22:59:40.809+01:00  INFO 20702 --- [           main] com.example.demo.MsprApplicationTests    : The following 1 profile is active: "test"
2026-03-15T22:59:41.091+01:00  INFO 20702 --- [           main] .s.d.r.c.RepositoryConfigurationDelegate : Bootstrapping Spring Data JPA repositories in DEFAULT mode.
2026-03-15T22:59:41.123+01:00  INFO 20702 --- [           main] .s.d.r.c.RepositoryConfigurationDelegate : Finished Spring Data repository scanning in 27 ms. Found 7 JPA repository interfaces.
2026-03-15T22:59:41.298+01:00  INFO 20702 --- [           main] o.hibernate.jpa.internal.util.LogHelper  : HHH000204: Processing PersistenceUnitInfo [name: default]
2026-03-15T22:59:41.314+01:00  INFO 20702 --- [           main] org.hibernate.Version                    : HHH000412: Hibernate ORM core version 6.6.2.Final
2026-03-15T22:59:41.329+01:00  INFO 20702 --- [           main] o.h.c.internal.RegionFactoryInitiator    : HHH000026: Second-level cache disabled
2026-03-15T22:59:41.425+01:00  INFO 20702 --- [           main] o.s.o.j.p.SpringPersistenceUnitInfo      : No LoadTimeWeaver setup: ignoring JPA class transformer
2026-03-15T22:59:41.434+01:00  INFO 20702 --- [           main] com.zaxxer.hikari.HikariDataSource       : HikariPool-1 - Starting...
2026-03-15T22:59:41.504+01:00  INFO 20702 --- [           main] com.zaxxer.hikari.pool.HikariPool        : HikariPool-1 - Added connection conn0: url=jdbc:h2:mem:testdb user=SA
2026-03-15T22:59:41.505+01:00  INFO 20702 --- [           main] com.zaxxer.hikari.HikariDataSource       : HikariPool-1 - Start completed.
2026-03-15T22:59:41.512+01:00  WARN 20702 --- [           main] org.hibernate.dialect.Dialect            : HHH000511: The 2.3.232 version for [org.hibernate.dialect.PostgreSQLDialect] is no longer supported, hence certain features may not work properly. The minimum supported version is 12.0.0. Check the community dialects project for available legacy versions.
2026-03-15T22:59:41.514+01:00  WARN 20702 --- [           main] org.hibernate.orm.deprecation            : HHH90000025: PostgreSQLDialect does not need to be specified explicitly using 'hibernate.dialect' (remove the property setting and it will be selected by default)
2026-03-15T22:59:41.520+01:00  INFO 20702 --- [           main] org.hibernate.orm.connections.pooling    : HHH10001005: Database info:
	Database JDBC URL [Connecting through datasource 'HikariDataSource (HikariPool-1)']
	Database driver: undefined/unknown
	Database version: 2.3.232
	Autocommit mode: undefined/unknown
	Isolation level: undefined/unknown
	Minimum pool size: undefined/unknown
	Maximum pool size: undefined/unknown
2026-03-15T22:59:41.909+01:00  INFO 20702 --- [           main] o.h.e.t.j.p.i.JtaPlatformInitiator       : HHH000489: No JTA platform available (set 'hibernate.transaction.jta.platform' to enable JTA platform integration)
Hibernate: 
    set client_min_messages = WARNING
Hibernate: 
    alter table if exists biometrics 
       drop constraint if exists FKh08q65mp6khiyqir861hqod1r
Hibernate: 
    alter table if exists eat 
       drop constraint if exists FK24v0aknedb3ji97esfrys1tmf
Hibernate: 
    alter table if exists eat 
       drop constraint if exists FK8wb38r7kd5c8ym2l61oow0tb3
Hibernate: 
    alter table if exists exercise_equipments 
       drop constraint if exists FKlj19sh61hljlsrr4455x6inma
Hibernate: 
    alter table if exists health_profiles 
       drop constraint if exists FK3tevdso70nrymmg3rgy76jqga
Hibernate: 
    alter table if exists user_workouts 
       drop constraint if exists FKow6f7s0g6i16hnw65abqt7h1u
Hibernate: 
    alter table if exists user_workouts 
       drop constraint if exists FK3kvixeh1lmycrxyhu3jx9169h
Hibernate: 
    alter table if exists workout_exercises 
       drop constraint if exists FK3bn8puhdk29j682es5643p60c
Hibernate: 
    alter table if exists workout_exercises 
       drop constraint if exists FKd2ychryarm8gp13672lojwr78
Hibernate: 
    drop table if exists biometrics cascade
Hibernate: 
    drop table if exists eat cascade
Hibernate: 
    drop table if exists exercise_equipments cascade
Hibernate: 
    drop table if exists exercises cascade
Hibernate: 
    drop table if exists health_profiles cascade
Hibernate: 
    drop table if exists meals cascade
Hibernate: 
    drop table if exists user_workouts cascade
Hibernate: 
    drop table if exists users cascade
Hibernate: 
    drop table if exists workout_exercises cascade
Hibernate: 
    drop table if exists workouts cascade
Hibernate: 
    create table biometrics (
        bio_id integer generated by default as identity,
        heart_rate integer,
        height_cm float(53),
        measured_at date,
        user_id integer not null,
        weight_kg float(53),
        primary key (bio_id)
    )
Hibernate: 
    create table eat (
        id integer generated by default as identity,
        meal_id integer,
        user_id integer,
        date_ate timestamp(6),
        primary key (id)
    )
Hibernate: 
    create table exercise_equipments (
        exercise_id integer not null,
        equipment_name varchar(255)
    )
Hibernate: 
    create table exercises (
        calories_burned integer,
        duration_in_seconds integer,
        id integer generated by default as identity,
        repetitions integer,
        sequence_order integer,
        sets integer,
        description varchar(255),
        exercise_type varchar(255),
        intensity_level varchar(255) not null check (intensity_level in ('BEGINNER','INTERMEDIATE','ADVANCED','NIGHTMARE')),
        name varchar(255),
        status varchar(255) check (status in ('PENDING','APPROVED','REJECTED')),
        primary key (id)
    )
Hibernate: 
    create table health_profiles (
        blood_glucose_mg float(53),
        cholesterol_mg_dl float(53),
        profile_id integer generated by default as identity,
        user_id integer unique,
        allergies varchar(255),
        blood_pressure_avg varchar(255),
        dietary_recommendation varchar(255),
        dietary_restrictions varchar(255),
        disease_severity varchar(255),
        disease_type varchar(255),
        primary key (profile_id)
    )
Hibernate: 
    create table meals (
        calories_kcal float(53),
        carbs_g float(53),
        cholesterol_mg float(53),
        fats_g float(53),
        fiber_g float(53),
        meal_id integer generated by default as identity,
        protein_g float(53),
        quantity_g float(53),
        sodium_mg float(53),
        sugar_g float(53),
        allergies varchar(255),
        meal_type varchar(255),
        partner_brand varchar(255),
        primary key (meal_id)
    )
Hibernate: 
    create table user_workouts (
        user_id integer not null,
        workout_id integer not null
    )
Hibernate: 
    create table users (
        birthday date,
        user_id integer generated by default as identity,
        activity_level varchar(255),
        email varchar(255) not null unique,
        first_name varchar(255),
        gender varchar(255),
        last_name varchar(255),
        objective varchar(255),
        partner_brand varchar(255),
        password varchar(255) not null,
        role varchar(255) not null check (role in ('ADMIN','CLIENT','COACH','REFERENCE')),
        subscription_tier varchar(255) check (subscription_tier in ('FREEMIUM','PREMIUM','PREMIUM_PLUS','B2B','REFERENCE')),
        primary key (user_id)
    )
Hibernate: 
    create table workout_exercises (
        exercise_id integer not null,
        workout_id integer not null
    )
Hibernate: 
    create table workouts (
        id integer generated by default as identity,
        description varchar(255),
        difficulty varchar(255) not null check (difficulty in ('BEGINNER','INTERMEDIATE','ADVANCED','NIGHTMARE')),
        partner_brand varchar(255),
        title varchar(255),
        workout_type varchar(255) not null check (workout_type in ('CARDIO','STRENGTH','HIIT','CORE','FLEXIBILITY')),
        primary key (id)
    )
Hibernate: 
    alter table if exists biometrics 
       add constraint FKh08q65mp6khiyqir861hqod1r 
       foreign key (user_id) 
       references users
Hibernate: 
    alter table if exists eat 
       add constraint FK24v0aknedb3ji97esfrys1tmf 
       foreign key (meal_id) 
       references meals
Hibernate: 
    alter table if exists eat 
       add constraint FK8wb38r7kd5c8ym2l61oow0tb3 
       foreign key (user_id) 
       references users
Hibernate: 
    alter table if exists exercise_equipments 
       add constraint FKlj19sh61hljlsrr4455x6inma 
       foreign key (exercise_id) 
       references exercises
Hibernate: 
    alter table if exists health_profiles 
       add constraint FK3tevdso70nrymmg3rgy76jqga 
       foreign key (user_id) 
       references users
Hibernate: 
    alter table if exists user_workouts 
       add constraint FKow6f7s0g6i16hnw65abqt7h1u 
       foreign key (workout_id) 
       references workouts
Hibernate: 
    alter table if exists user_workouts 
       add constraint FK3kvixeh1lmycrxyhu3jx9169h 
       foreign key (user_id) 
       references users
Hibernate: 
    alter table if exists workout_exercises 
       add constraint FK3bn8puhdk29j682es5643p60c 
       foreign key (exercise_id) 
       references exercises
Hibernate: 
    alter table if exists workout_exercises 
       add constraint FKd2ychryarm8gp13672lojwr78 
       foreign key (workout_id) 
       references workouts
2026-03-15T22:59:41.938+01:00  INFO 20702 --- [           main] j.LocalContainerEntityManagerFactoryBean : Initialized JPA EntityManagerFactory for persistence unit 'default'
2026-03-15T22:59:42.112+01:00  INFO 20702 --- [           main] o.s.d.j.r.query.QueryEnhancerFactory     : Hibernate is in classpath; If applicable, HQL parser will be used.
2026-03-15T22:59:42.342+01:00  INFO 20702 --- [           main] eAuthenticationProviderManagerConfigurer : Global AuthenticationManager configured with AuthenticationProvider bean with name authenticationProvider
2026-03-15T22:59:42.342+01:00  WARN 20702 --- [           main] r$InitializeUserDetailsManagerConfigurer : Global AuthenticationManager configured with an AuthenticationProvider bean. UserDetailsService beans will not be used by Spring Security for automatically configuring username/password login. Consider removing the AuthenticationProvider bean. Alternatively, consider using the UserDetailsService in a manually instantiated DaoAuthenticationProvider. If the current configuration is intentional, to turn off this warning, increase the logging level of 'org.springframework.security.config.annotation.authentication.configuration.InitializeUserDetailsBeanManagerConfigurer' to ERROR
2026-03-15T22:59:42.351+01:00  WARN 20702 --- [           main] JpaBaseConfiguration$JpaWebConfiguration : spring.jpa.open-in-view is enabled by default. Therefore, database queries may be performed during view rendering. Explicitly configure spring.jpa.open-in-view to disable this warning
2026-03-15T22:59:42.610+01:00  INFO 20702 --- [           main] com.example.demo.MsprApplicationTests    : Started MsprApplicationTests in 1.921 seconds (process running for 2.287)
CONNEXION BDD RÉUSSIE : jdbc:h2:mem:testdb
Hibernate: 
    select
        u1_0.user_id,
        u1_0.activity_level,
        u1_0.birthday,
        u1_0.email,
        u1_0.first_name,
        u1_0.gender,
        u1_0.last_name,
        u1_0.objective,
        u1_0.partner_brand,
        u1_0.password,
        u1_0.role,
        u1_0.subscription_tier 
    from
        users u1_0 
    where
        u1_0.email=?
Hibernate: 
    insert 
    into
        users
        (activity_level, birthday, email, first_name, gender, last_name, objective, partner_brand, password, role, subscription_tier) 
    values
        (?, ?, ?, ?, ?, ?, ?, ?, ?, ?, ?)
COMPTE ADMIN CRÉÉ : admin@healthai.fr / Admin@flo123
]]></system-out>
    <system-err><![CDATA[Mockito is currently self-attaching to enable the inline-mock-maker. This will no longer work in future releases of the JDK. Please add Mockito as an agent to your build what is described in Mockito's documentation: https://javadoc.io/doc/org.mockito/mockito-core/latest/org/mockito/Mockito.html#0.3
WARNING: A Java agent has been loaded dynamically (/Users/mac-ALAMON22/.m2/repository/net/bytebuddy/byte-buddy-agent/1.15.10/byte-buddy-agent-1.15.10.jar)
WARNING: If a serviceability tool is in use, please run with -XX:+EnableDynamicAgentLoading to hide this warning
WARNING: If a serviceability tool is not in use, please run with -Djdk.instrument.traceUsage for more information
WARNING: Dynamic loading of agents will be disallowed by default in a future release
]]></system-err>
  </testcase>
</testsuite>